INFO 12/21/2024 02:26:01 AM __main__: Please login to your account
INFO 12/21/2024 02:26:06 AM __main__: Username: usr1
INFO 12/21/2024 02:26:06 AM __main__: Password: 
DEBUG 12/21/2024 02:26:06 AM User: Loggin in...
DEBUG 12/21/2024 02:26:06 AM User: Log in successfull
DEBUG 12/21/2024 02:26:06 AM User: checking recent tweets ...
DEBUG 12/21/2024 02:26:06 AM decorators: (time taken: 0.0041751861572265625 ms)
DEBUG 12/21/2024 02:26:06 AM User: (244) usr1 tweeted at 2024-12-15T14:08:23.376934
INFO 12/21/2024 02:26:06 AM User: A programmer walks into a foo...
INFO 12/21/2024 02:26:06 AM User: 
DEBUG 12/21/2024 02:26:06 AM User: (243) usr1 tweeted at 2024-12-15T14:08:22.352616
INFO 12/21/2024 02:26:06 AM User: What do you get when you cross a cat and a dog? Cat dog sin theta.
INFO 12/21/2024 02:26:06 AM User: 
DEBUG 12/21/2024 02:26:06 AM User: (242) usr1 tweeted at 2024-12-15T14:08:21.323607
INFO 12/21/2024 02:26:06 AM User: What did the Java code say to the C code? A: You've got no class.
INFO 12/21/2024 02:26:06 AM User: 
DEBUG 12/21/2024 02:26:06 AM User: (241) usr1 tweeted at 2024-12-15T14:08:20.301867
INFO 12/21/2024 02:26:06 AM User: There are 10 types of people: those who understand binary, those who don't, and those who were expecting this joke to be in trinary.
INFO 12/21/2024 02:26:06 AM User: 
DEBUG 12/21/2024 02:26:06 AM User: (240) usr1 tweeted at 2024-12-15T14:08:19.280079
INFO 12/21/2024 02:26:06 AM User: A programmer was found dead in the shower. Next to their body was a bottle of shampoo with the instructions 'Lather, Rinse and Repeat'.
INFO 12/21/2024 02:26:06 AM User: 
DEBUG 12/21/2024 02:26:06 AM __main__: A programmer walks into a foo...
DEBUG 12/21/2024 02:26:06 AM __main__: What do you get when you cross a cat and a dog? Cat dog sin theta.
DEBUG 12/21/2024 02:26:06 AM __main__: What did the Java code say to the C code? A: You've got no class.
DEBUG 12/21/2024 02:26:06 AM __main__: There are 10 types of people: those who understand binary, those who don't, and those who were expecting this joke to be in trinary.
DEBUG 12/21/2024 02:26:06 AM __main__: A programmer was found dead in the shower. Next to their body was a bottle of shampoo with the instructions 'Lather, Rinse and Repeat'.
DEBUG 12/21/2024 02:26:06 AM User: posting tweet ...
DEBUG 12/21/2024 02:26:06 AM User: What does pyjokes have in common with Adobe Flash? It gets updated all the time, but never gets any better.
DEBUG 12/21/2024 02:26:06 AM decorators: (time taken: 0.012902975082397461 ms)
DEBUG 12/21/2024 02:26:06 AM __main__: posted tweet. sleeping 1 min now.
DEBUG 12/21/2024 02:26:07 AM User: posting tweet ...
DEBUG 12/21/2024 02:26:07 AM User: Sympathy for the Devil is really just about being nice to QAs.
DEBUG 12/21/2024 02:26:07 AM decorators: (time taken: 0.007413148880004883 ms)
DEBUG 12/21/2024 02:26:07 AM __main__: posted tweet. sleeping 1 min now.
DEBUG 12/21/2024 02:26:08 AM User: posting tweet ...
DEBUG 12/21/2024 02:26:08 AM User: Hardware: The part of a computer that you can kick.
DEBUG 12/21/2024 02:26:08 AM decorators: (time taken: 0.014937877655029297 ms)
DEBUG 12/21/2024 02:26:08 AM __main__: posted tweet. sleeping 1 min now.
DEBUG 12/21/2024 02:26:09 AM User: posting tweet ...
DEBUG 12/21/2024 02:26:09 AM User: Ubuntu users are apt to get this joke.
DEBUG 12/21/2024 02:26:09 AM decorators: (time taken: 0.01220083236694336 ms)
DEBUG 12/21/2024 02:26:09 AM __main__: posted tweet. sleeping 1 min now.
DEBUG 12/21/2024 02:26:10 AM User: posting tweet ...
DEBUG 12/21/2024 02:26:10 AM User: The C language combines all the power of assembly language with all the ease-of-use of assembly language.
DEBUG 12/21/2024 02:26:10 AM decorators: (time taken: 0.0065729618072509766 ms)
DEBUG 12/21/2024 02:26:10 AM __main__: posted tweet. sleeping 1 min now.
DEBUG 12/21/2024 02:26:11 AM User: posting tweet ...
DEBUG 12/21/2024 02:26:11 AM User: Pirates go 'arg!', computer pirates go 'argv!'
DEBUG 12/21/2024 02:26:11 AM decorators: (time taken: 0.0162050724029541 ms)
DEBUG 12/21/2024 02:26:11 AM __main__: posted tweet. sleeping 1 min now.
DEBUG 12/21/2024 02:26:12 AM User: posting tweet ...
DEBUG 12/21/2024 02:26:12 AM User: When your hammer is C++, everything begins to look like a thumb.
DEBUG 12/21/2024 02:26:12 AM decorators: (time taken: 0.008925199508666992 ms)
DEBUG 12/21/2024 02:26:12 AM __main__: posted tweet. sleeping 1 min now.
DEBUG 12/21/2024 02:26:13 AM User: posting tweet ...
DEBUG 12/21/2024 02:26:13 AM User: QA Engineer walks into a bar. Orders a beer. Orders 0 beers. Orders 999999999 beers. Orders a lizard. Orders -1 beers. Orders a sfdeljknesv.
DEBUG 12/21/2024 02:26:13 AM decorators: (time taken: 0.014451980590820312 ms)
DEBUG 12/21/2024 02:26:13 AM __main__: posted tweet. sleeping 1 min now.
DEBUG 12/21/2024 02:26:14 AM User: posting tweet ...
DEBUG 12/21/2024 02:26:14 AM User: There are II types of people: Those who understand Roman Numerals and those who don't.
DEBUG 12/21/2024 02:26:14 AM decorators: (time taken: 0.011664867401123047 ms)
DEBUG 12/21/2024 02:26:14 AM __main__: posted tweet. sleeping 1 min now.
DEBUG 12/21/2024 02:26:15 AM User: posting tweet ...
DEBUG 12/21/2024 02:26:15 AM User: There are 10 types of people: those who understand binary and those who don't.
DEBUG 12/21/2024 02:26:15 AM decorators: (time taken: 0.008264780044555664 ms)
DEBUG 12/21/2024 02:26:15 AM __main__: posted tweet.
INFO 12/21/2024 02:26:16 AM __main__: 10 new tweets posted ...
